11:20:36 **** Rebuild of configuration Debug for project Esercitazione (2) ****
Info: Internal Builder is used for build
gcc -O0 -g3 -Wall -c -fmessage-length=0 -o "src\\Esercitazione (2).o" "..\\src\\Esercitazione (2).c" 
..\src\Esercitazione (2).c: In function 'makeStudent1':
..\src\Esercitazione (2).c:34:9: warning: function returns address of local variable [-Wreturn-local-addr]
  return &alunno;
         ^~~~~~~
..\src\Esercitazione (2).c: In function 'makeStudent2':
..\src\Esercitazione (2).c:43:9: warning: returning 'Student **' {aka 'struct Student **'} from a function with incompatible return type 'Student *' {aka 'struct Student *'} [-Wincompatible-pointer-types]
  return &alunno;
         ^~~~~~~
..\src\Esercitazione (2).c:43:9: warning: function returns address of local variable [-Wreturn-local-addr]
..\src\Esercitazione (2).c: At top level:
..\src\Esercitazione (2).c:46:6: warning: return type of 'main' is not 'int' [-Wmain]
 void main(void) {
      ^~~~
..\src\Esercitazione (2).c: In function 'main':
..\src\Esercitazione (2).c:54:15: warning: format '%x' expects argument of type 'unsigned int', but argument 2 has type 'int *' [-Wformat=]
  printf("X = %x, Y = %x \n", &x, &y); // Indirizzi (%x)
              ~^              ~~
              %n
..\src\Esercitazione (2).c:54:23: warning: format '%x' expects argument of type 'unsigned int', but argument 3 has type 'int *' [-Wformat=]
  printf("X = %x, Y = %x \n", &x, &y); // Indirizzi (%x)
                      ~^          ~~
                      %n
..\src\Esercitazione (2).c:68:8: warning: passing argument 1 of 'print' from incompatible pointer type [-Wincompatible-pointer-types]
  print(&pstud1);
        ^~~~~~~
..\src\Esercitazione (2).c:22:21: note: expected 'Student *' {aka 'struct Student *'} but argument is of type 'Student **' {aka 'struct Student **'}
 void print(Student *s) {
            ~~~~~~~~~^
..\src\Esercitazione (2).c:70:8: warning: passing argument 1 of 'print' from incompatible pointer type [-Wincompatible-pointer-types]
  print(&pstud1);
        ^~~~~~~
..\src\Esercitazione (2).c:22:21: note: expected 'Student *' {aka 'struct Student *'} but argument is of type 'Student **' {aka 'struct Student **'}
 void print(Student *s) {
            ~~~~~~~~~^
..\src\Esercitazione (2).c:75:8: warning: passing argument 1 of 'print' from incompatible pointer type [-Wincompatible-pointer-types]
  print(&pstud2);
        ^~~~~~~
..\src\Esercitazione (2).c:22:21: note: expected 'Student *' {aka 'struct Student *'} but argument is of type 'Student **' {aka 'struct Student **'}
 void print(Student *s) {
            ~~~~~~~~~^
..\src\Esercitazione (2).c:77:8: warning: passing argument 1 of 'print' from incompatible pointer type [-Wincompatible-pointer-types]
  print(&pstud2);
        ^~~~~~~
..\src\Esercitazione (2).c:22:21: note: expected 'Student *' {aka 'struct Student *'} but argument is of type 'Student **' {aka 'struct Student **'}
 void print(Student *s) {
            ~~~~~~~~~^
..\src\Esercitazione (2).c:66:7: warning: unused variable 'c' [-Wunused-variable]
  char c[] = "Pino";
       ^
..\src\Esercitazione (2).c:65:7: warning: unused variable 'n' [-Wunused-variable]
  char n[] = "Gino";
       ^
gcc -o "Esercitazione (2).exe" "src\\Esercitazione (2).o" 

11:20:36 Build Finished. 0 errors, 12 warnings. (took 611ms)

